Determining if the pthread_create exist failed with the following output:
Change Dir: /home/loren/Workspaces/final_catkin/build/CMakeFiles/CMakeTmp

Run Build Command:/usr/bin/make "cmTryCompileExec288203000/fast"
/usr/bin/make -f CMakeFiles/cmTryCompileExec288203000.dir/build.make CMakeFiles/cmTryCompileExec288203000.dir/build
make[1]: Entering directory `/home/loren/Workspaces/final_catkin/build/CMakeFiles/CMakeTmp'
/usr/bin/cmake -E cmake_progress_report /home/loren/Workspaces/final_catkin/build/CMakeFiles/CMakeTmp/CMakeFiles 1
Building C object CMakeFiles/cmTryCompileExec288203000.dir/CheckSymbolExists.c.o
/usr/bin/cc    -o CMakeFiles/cmTryCompileExec288203000.dir/CheckSymbolExists.c.o   -c /home/loren/Workspaces/final_catkin/build/CMakeFiles/CMakeTmp/CheckSymbolExists.c
Linking C executable cmTryCompileExec288203000
/usr/bin/cmake -E cmake_link_script CMakeFiles/cmTryCompileExec288203000.dir/link.txt --verbose=1
/usr/bin/cc       CMakeFiles/cmTryCompileExec288203000.dir/CheckSymbolExists.c.o  -o cmTryCompileExec288203000 -rdynamic 
CMakeFiles/cmTryCompileExec288203000.dir/CheckSymbolExists.c.o: In function `main':
CheckSymbolExists.c:(.text+0x16): undefined reference to `pthread_create'
collect2: error: ld returned 1 exit status
make[1]: *** [cmTryCompileExec288203000] Error 1
make[1]: Leaving directory `/home/loren/Workspaces/final_catkin/build/CMakeFiles/CMakeTmp'
make: *** [cmTryCompileExec288203000/fast] Error 2

File /home/loren/Workspaces/final_catkin/build/CMakeFiles/CMakeTmp/CheckSymbolExists.c:
/* */
#include <pthread.h>

int main(int argc, char** argv)
{
  (void)argv;
#ifndef pthread_create
  return ((int*)(&pthread_create))[argc];
#else
  (void)argc;
  return 0;
#endif
}

Determining if the function pthread_create exists in the pthreads failed with the following output:
Change Dir: /home/loren/Workspaces/final_catkin/build/CMakeFiles/CMakeTmp

Run Build Command:/usr/bin/make "cmTryCompileExec1224365113/fast"
/usr/bin/make -f CMakeFiles/cmTryCompileExec1224365113.dir/build.make CMakeFiles/cmTryCompileExec1224365113.dir/build
make[1]: Entering directory `/home/loren/Workspaces/final_catkin/build/CMakeFiles/CMakeTmp'
/usr/bin/cmake -E cmake_progress_report /home/loren/Workspaces/final_catkin/build/CMakeFiles/CMakeTmp/CMakeFiles 1
Building C object CMakeFiles/cmTryCompileExec1224365113.dir/CheckFunctionExists.c.o
/usr/bin/cc   -DCHECK_FUNCTION_EXISTS=pthread_create   -o CMakeFiles/cmTryCompileExec1224365113.dir/CheckFunctionExists.c.o   -c /usr/share/cmake-2.8/Modules/CheckFunctionExists.c
Linking C executable cmTryCompileExec1224365113
/usr/bin/cmake -E cmake_link_script CMakeFiles/cmTryCompileExec1224365113.dir/link.txt --verbose=1
/usr/bin/cc   -DCHECK_FUNCTION_EXISTS=pthread_create    CMakeFiles/cmTryCompileExec1224365113.dir/CheckFunctionExists.c.o  -o cmTryCompileExec1224365113 -rdynamic -lpthreads 
/usr/bin/ld: cannot find -lpthreads
collect2: error: ld returned 1 exit status
make[1]: Leaving directory `/home/loren/Workspaces/final_catkin/build/CMakeFiles/CMakeTmp'
make[1]: *** [cmTryCompileExec1224365113] Error 1
make: *** [cmTryCompileExec1224365113/fast] Error 2


